CHECKERS __ Computer v Computer
Computer's move: 4, 5 to 5, 4
   _A___B___C___D___E___F___G___H_
  |   |   |   |   |   |   |   |   |
0 |   | R |   | R |   | R |   | R |
1 | R |   | R |   | R |   | R |   |
2 |   | R |   | R |   | R |   | R |
3 |   |   |   |   |   |   |   |   |
4 |   |   |   |   |   | b |   |   |
5 | b |   | b |   |   |   | b |   |
6 |   | b |   | b |   | b |   | b |
7 | b |   | b |   | b |   | b |   |
  |___|___|___|___|___|___|___|___|
Computer's move: 5, 2 to 6, 3
   _A___B___C___D___E___F___G___H_
  |   |   |   |   |   |   |   |   |
0 |   | R |   | R |   | R |   | R |
1 | R |   | R |   | R |   | R |   |
2 |   | R |   | R |   |   |   | R |
3 |   |   |   |   |   |   | R |   |
4 |   |   |   |   |   | b |   |   |
5 | b |   | b |   |   |   | b |   |
6 |   | b |   | b |   | b |   | b |
7 | b |   | b |   | b |   | b |   |
  |___|___|___|___|___|___|___|___|
Computer's move: 2, 5 to 3, 4
   _A___B___C___D___E___F___G___H_
  |   |   |   |   |   |   |   |   |
0 |   | R |   | R |   | R |   | R |
1 | R |   | R |   | R |   | R |   |
2 |   | R |   | R |   |   |   | R |
3 |   |   |   |   |   |   | R |   |
4 |   |   |   | b |   | b |   |   |
5 | b |   |   |   |   |   | b |   |
6 |   | b |   | b |   | b |   | b |
7 | b |   | b |   | b |   | b |   |
  |___|___|___|___|___|___|___|___|
Computer's move: 6, 3 to 4, 5
   _A___B___C___D___E___F___G___H_
  |   |   |   |   |   |   |   |   |
0 |   | R |   | R |   | R |   | R |
1 | R |   | R |   | R |   | R |   |
2 |   | R |   | R |   |   |   | R |
3 |   |   |   |   |   |   |   |   |
4 |   |   |   | b |   |   |   |   |
5 | b |   |   |   | R |   | b |   |
6 |   | b |   | b |   | b |   | b |
7 | b |   | b |   | b |   | b |   |
  |___|___|___|___|___|___|___|___|
Computer's move: 3, 6 to 5, 4
   _A___B___C___D___E___F___G___H_
  |   |   |   |   |   |   |   |   |
0 |   | R |   | R |   | R |   | R |
1 | R |   | R |   | R |   | R |   |
2 |   | R |   | R |   |   |   | R |
3 |   |   |   |   |   |   |   |   |
4 |   |   |   | b |   | b |   |   |
5 | b |   |   |   |   |   | b |   |
6 |   | b |   |   |   | b |   | b |
7 | b |   | b |   | b |   | b |   |
  |___|___|___|___|___|___|___|___|
Computer's move: 1, 2 to 2, 3
   _A___B___C___D___E___F___G___H_
  |   |   |   |   |   |   |   |   |
0 |   | R |   | R |   | R |   | R |
1 | R |   | R |   | R |   | R |   |
2 |   |   |   | R |   |   |   | R |
3 |   |   | R |   |   |   |   |   |
4 |   |   |   | b |   | b |   |   |
5 | b |   |   |   |   |   | b |   |
6 |   | b |   |   |   | b |   | b |
7 | b |   | b |   | b |   | b |   |
  |___|___|___|___|___|___|___|___|
Computer's move: 0, 5 to 1, 4
   _A___B___C___D___E___F___G___H_
  |   |   |   |   |   |   |   |   |
0 |   | R |   | R |   | R |   | R |
1 | R |   | R |   | R |   | R |   |
2 |   |   |   | R |   |   |   | R |
3 |   |   | R |   |   |   |   |   |
4 |   | b |   | b |   | b |   |   |
5 |   |   |   |   |   |   | b |   |
6 |   | b |   |   |   | b |   | b |
7 | b |   | b |   | b |   | b |   |
  |___|___|___|___|___|___|___|___|
Computer's move: 2, 3 to 4, 5
   _A___B___C___D___E___F___G___H_
  |   |   |   |   |   |   |   |   |
0 |   | R |   | R |   | R |   | R |
1 | R |   | R |   | R |   | R |   |
2 |   |   |   | R |   |   |   | R |
3 |   |   |   |   |   |   |   |   |
4 |   | b |   |   |   | b |   |   |
5 |   |   |   |   | R |   | b |   |
6 |   | b |   |   |   | b |   | b |
7 | b |   | b |   | b |   | b |   |
  |___|___|___|___|___|___|___|___|
Computer's move: 6, 5 to 7, 4
   _A___B___C___D___E___F___G___H_
  |   |   |   |   |   |   |   |   |
0 |   | R |   | R |   | R |   | R |
1 | R |   | R |   | R |   | R |   |
2 |   |   |   | R |   |   |   | R |
3 |   |   |   |   |   |   |   |   |
4 |   | b |   |   |   | b |   | b |
5 |   |   |   |   | R |   |   |   |
6 |   | b |   |   |   | b |   | b |
7 | b |   | b |   | b |   | b |   |
  |___|___|___|___|___|___|___|___|
Computer's move: 7, 2 to 6, 3
   _A___B___C___D___E___F___G___H_
  |   |   |   |   |   |   |   |   |
0 |   | R |   | R |   | R |   | R |
1 | R |   | R |   | R |   | R |   |
2 |   |   |   | R |   |   |   |   |
3 |   |   |   |   |   |   | R |   |
4 |   | b |   |   |   | b |   | b |
5 |   |   |   |   | R |   |   |   |
6 |   | b |   |   |   | b |   | b |
7 | b |   | b |   | b |   | b |   |
  |___|___|___|___|___|___|___|___|
Computer's move: 5, 4 to 7, 2
   _A___B___C___D___E___F___G___H_
  |   |   |   |   |   |   |   |   |
0 |   | R |   | R |   | R |   | R |
1 | R |   | R |   | R |   | R |   |
2 |   |   |   | R |   |   |   | b |
3 |   |   |   |   |   |   |   |   |
4 |   | b |   |   |   |   |   | b |
5 |   |   |   |   | R |   |   |   |
6 |   | b |   |   |   | b |   | b |
7 | b |   | b |   | b |   | b |   |
  |___|___|___|___|___|___|___|___|
Computer's move: 4, 1 to 5, 2
   _A___B___C___D___E___F___G___H_
  |   |   |   |   |   |   |   |   |
0 |   | R |   | R |   | R |   | R |
1 | R |   | R |   |   |   | R |   |
2 |   |   |   | R |   | R |   | b |
3 |   |   |   |   |   |   |   |   |
4 |   | b |   |   |   |   |   | b |
5 |   |   |   |   | R |   |   |   |
6 |   | b |   |   |   | b |   | b |
7 | b |   | b |   | b |   | b |   |
  |___|___|___|___|___|___|___|___|
Computer's move: 2, 7 to 3, 6
   _A___B___C___D___E___F___G___H_
  |   |   |   |   |   |   |   |   |
0 |   | R |   | R |   | R |   | R |
1 | R |   | R |   |   |   | R |   |
2 |   |   |   | R |   | R |   | b |
3 |   |   |   |   |   |   |   |   |
4 |   | b |   |   |   |   |   | b |
5 |   |   |   |   | R |   |   |   |
6 |   | b |   | b |   | b |   | b |
7 | b |   |   |   | b |   | b |   |
  |___|___|___|___|___|___|___|___|
Computer's move: 0, 1 to 1, 2
   _A___B___C___D___E___F___G___H_
  |   |   |   |   |   |   |   |   |
0 |   | R |   | R |   | R |   | R |
1 |   |   | R |   |   |   | R |   |
2 |   | R |   | R |   | R |   | b |
3 |   |   |   |   |   |   |   |   |
4 |   | b |   |   |   |   |   | b |
5 |   |   |   |   | R |   |   |   |
6 |   | b |   | b |   | b |   | b |
7 | b |   |   |   | b |   | b |   |
  |___|___|___|___|___|___|___|___|
Computer's move: 3, 6 to 5, 4
   _A___B___C___D___E___F___G___H_
  |   |   |   |   |   |   |   |   |
0 |   | R |   | R |   | R |   | R |
1 |   |   | R |   |   |   | R |   |
2 |   | R |   | R |   | R |   | b |
3 |   |   |   |   |   |   |   |   |
4 |   | b |   |   |   | b |   | b |
5 |   |   |   |   |   |   |   |   |
6 |   | b |   |   |   | b |   | b |
7 | b |   |   |   | b |   | b |   |
  |___|___|___|___|___|___|___|___|
Computer's move: 5, 0 to 4, 1
   _A___B___C___D___E___F___G___H_
  |   |   |   |   |   |   |   |   |
0 |   | R |   | R |   |   |   | R |
1 |   |   | R |   | R |   | R |   |
2 |   | R |   | R |   | R |   | b |
3 |   |   |   |   |   |   |   |   |
4 |   | b |   |   |   | b |   | b |
5 |   |   |   |   |   |   |   |   |
6 |   | b |   |   |   | b |   | b |
7 | b |   |   |   | b |   | b |   |
  |___|___|___|___|___|___|___|___|
Computer's move: 7, 2 to 5, 0
   _A___B___C___D___E___F___G___H_
  |   |   |   |   |   |   |   |   |
0 |   | R |   | R |   | k |   | R |
1 |   |   | R |   | R |   |   |   |
2 |   | R |   | R |   | R |   |   |
3 |   |   |   |   |   |   |   |   |
4 |   | b |   |   |   | b |   | b |
5 |   |   |   |   |   |   |   |   |
6 |   | b |   |   |   | b |   | b |
7 | b |   |   |   | b |   | b |   |
  |___|___|___|___|___|___|___|___|
Computer's move: 1, 2 to 2, 3
   _A___B___C___D___E___F___G___H_
  |   |   |   |   |   |   |   |   |
0 |   | R |   | R |   | k |   | R |
1 |   |   | R |   | R |   |   |   |
2 |   |   |   | R |   | R |   |   |
3 |   |   | R |   |   |   |   |   |
4 |   | b |   |   |   | b |   | b |
5 |   |   |   |   |   |   |   |   |
6 |   | b |   |   |   | b |   | b |
7 | b |   |   |   | b |   | b |   |
  |___|___|___|___|___|___|___|___|
Computer's move: 5, 4 to 6, 3
   _A___B___C___D___E___F___G___H_
  |   |   |   |   |   |   |   |   |
0 |   | R |   | R |   | k |   | R |
1 |   |   | R |   | R |   |   |   |
2 |   |   |   | R |   | R |   |   |
3 |   |   | R |   |   |   | b |   |
4 |   | b |   |   |   |   |   | b |
5 |   |   |   |   |   |   |   |   |
6 |   | b |   |   |   | b |   | b |
7 | b |   |   |   | b |   | b |   |
  |___|___|___|___|___|___|___|___|
Computer's move: 2, 1 to 1, 2
   _A___B___C___D___E___F___G___H_
  |   |   |   |   |   |   |   |   |
0 |   | R |   | R |   | k |   | R |
1 |   |   |   |   | R |   |   |   |
2 |   | R |   | R |   | R |   |   |
3 |   |   | R |   |   |   | b |   |
4 |   | b |   |   |   |   |   | b |
5 |   |   |   |   |   |   |   |   |
6 |   | b |   |   |   | b |   | b |
7 | b |   |   |   | b |   | b |   |
  |___|___|___|___|___|___|___|___|
Computer's move: 7, 6 to 6, 5
   _A___B___C___D___E___F___G___H_
  |   |   |   |   |   |   |   |   |
0 |   | R |   | R |   | k |   | R |
1 |   |   |   |   | R |   |   |   |
2 |   | R |   | R |   | R |   |   |
3 |   |   | R |   |   |   | b |   |
4 |   | b |   |   |   |   |   | b |
5 |   |   |   |   |   |   | b |   |
6 |   | b |   |   |   | b |   |   |
7 | b |   |   |   | b |   | b |   |
  |___|___|___|___|___|___|___|___|
Computer's move: 5, 2 to 4, 3
   _A___B___C___D___E___F___G___H_
  |   |   |   |   |   |   |   |   |
0 |   | R |   | R |   | k |   | R |
1 |   |   |   |   | R |   |   |   |
2 |   | R |   | R |   |   |   |   |
3 |   |   | R |   | R |   | b |   |
4 |   | b |   |   |   |   |   | b |
5 |   |   |   |   |   |   | b |   |
6 |   | b |   |   |   | b |   |   |
7 | b |   |   |   | b |   | b |   |
  |___|___|___|___|___|___|___|___|
Computer's move: 1, 4 to 0, 3
   _A___B___C___D___E___F___G___H_
  |   |   |   |   |   |   |   |   |
0 |   | R |   | R |   | k |   | R |
1 |   |   |   |   | R |   |   |   |
2 |   | R |   | R |   |   |   |   |
3 | b |   | R |   | R |   | b |   |
4 |   |   |   |   |   |   |   | b |
5 |   |   |   |   |   |   | b |   |
6 |   | b |   |   |   | b |   |   |
7 | b |   |   |   | b |   | b |   |
  |___|___|___|___|___|___|___|___|
Computer's move: 7, 0 to 6, 1
   _A___B___C___D___E___F___G___H_
  |   |   |   |   |   |   |   |   |
0 |   | R |   | R |   | k |   |   |
1 |   |   |   |   | R |   | R |   |
2 |   | R |   | R |   |   |   |   |
3 | b |   | R |   | R |   | b |   |
4 |   |   |   |   |   |   |   | b |
5 |   |   |   |   |   |   | b |   |
6 |   | b |   |   |   | b |   |   |
7 | b |   |   |   | b |   | b |   |
  |___|___|___|___|___|___|___|___|
Computer's move: 5, 0 to 7, 2
   _A___B___C___D___E___F___G___H_
  |   |   |   |   |   |   |   |   |
0 |   | R |   | R |   |   |   |   |
1 |   |   |   |   | R |   |   |   |
2 |   | R |   | R |   |   |   | k |
3 | b |   | R |   | R |   | b |   |
4 |   |   |   |   |   |   |   | b |
5 |   |   |   |   |   |   | b |   |
6 |   | b |   |   |   | b |   |   |
7 | b |   |   |   | b |   | b |   |
  |___|___|___|___|___|___|___|___|
Computer's move: 4, 1 to 5, 2
   _A___B___C___D___E___F___G___H_
  |   |   |   |   |   |   |   |   |
0 |   | R |   | R |   |   |   |   |
1 |   |   |   |   |   |   |   |   |
2 |   | R |   | R |   | R |   | k |
3 | b |   | R |   | R |   | b |   |
4 |   |   |   |   |   |   |   | b |
5 |   |   |   |   |   |   | b |   |
6 |   | b |   |   |   | b |   |   |
7 | b |   |   |   | b |   | b |   |
  |___|___|___|___|___|___|___|___|
Computer's move: 0, 3 to 2, 1
   _A___B___C___D___E___F___G___H_
  |   |   |   |   |   |   |   |   |
0 |   | R |   | R |   |   |   |   |
1 |   |   | b |   |   |   |   |   |
2 |   |   |   | R |   | R |   | k |
3 |   |   | R |   | R |   | b |   |
4 |   |   |   |   |   |   |   | b |
5 |   |   |   |   |   |   | b |   |
6 |   | b |   |   |   | b |   |   |
7 | b |   |   |   | b |   | b |   |
  |___|___|___|___|___|___|___|___|
Computer's move: 2, 3 to 3, 4
   _A___B___C___D___E___F___G___H_
  |   |   |   |   |   |   |   |   |
0 |   | R |   | R |   |   |   |   |
1 |   |   | b |   |   |   |   |   |
2 |   |   |   | R |   | R |   | k |
3 |   |   |   |   | R |   | b |   |
4 |   |   |   | R |   |   |   | b |
5 |   |   |   |   |   |   | b |   |
6 |   | b |   |   |   | b |   |   |
7 | b |   |   |   | b |   | b |   |
  |___|___|___|___|___|___|___|___|
Computer's move: 6, 3 to 4, 1
   _A___B___C___D___E___F___G___H_
  |   |   |   |   |   |   |   |   |
0 |   | R |   | R |   |   |   |   |
1 |   |   | b |   | b |   |   |   |
2 |   |   |   | R |   |   |   | k |
3 |   |   |   |   | R |   |   |   |
4 |   |   |   | R |   |   |   | b |
5 |   |   |   |   |   |   | b |   |
6 |   | b |   |   |   | b |   |   |
7 | b |   |   |   | b |   | b |   |
  |___|___|___|___|___|___|___|___|
Computer's move: 3, 0 to 5, 2
   _A___B___C___D___E___F___G___H_
  |   |   |   |   |   |   |   |   |
0 |   | R |   |   |   |   |   |   |
1 |   |   | b |   |   |   |   |   |
2 |   |   |   | R |   | R |   | k |
3 |   |   |   |   | R |   |   |   |
4 |   |   |   | R |   |   |   | b |
5 |   |   |   |   |   |   | b |   |
6 |   | b |   |   |   | b |   |   |
7 | b |   |   |   | b |   | b |   |
  |___|___|___|___|___|___|___|___|
Computer's move: 7, 4 to 6, 3
   _A___B___C___D___E___F___G___H_
  |   |   |   |   |   |   |   |   |
0 |   | R |   |   |   |   |   |   |
1 |   |   | b |   |   |   |   |   |
2 |   |   |   | R |   | R |   | k |
3 |   |   |   |   | R |   | b |   |
4 |   |   |   | R |   |   |   |   |
5 |   |   |   |   |   |   | b |   |
6 |   | b |   |   |   | b |   |   |
7 | b |   |   |   | b |   | b |   |
  |___|___|___|___|___|___|___|___|
Computer's move: 5, 2 to 7, 4
   _A___B___C___D___E___F___G___H_
  |   |   |   |   |   |   |   |   |
0 |   | R |   |   |   |   |   |   |
1 |   |   | b |   |   |   |   |   |
2 |   |   |   | R |   |   |   | k |
3 |   |   |   |   | R |   |   |   |
4 |   |   |   | R |   |   |   | R |
5 |   |   |   |   |   |   | b |   |
6 |   | b |   |   |   | b |   |   |
7 | b |   |   |   | b |   | b |   |
  |___|___|___|___|___|___|___|___|
Computer's move: 4, 7 to 3, 6
   _A___B___C___D___E___F___G___H_
  |   |   |   |   |   |   |   |   |
0 |   | R |   |   |   |   |   |   |
1 |   |   | b |   |   |   |   |   |
2 |   |   |   | R |   |   |   | k |
3 |   |   |   |   | R |   |   |   |
4 |   |   |   | R |   |   |   | R |
5 |   |   |   |   |   |   | b |   |
6 |   | b |   | b |   | b |   |   |
7 | b |   |   |   |   |   | b |   |
  |___|___|___|___|___|___|___|___|
Computer's move: 4, 3 to 5, 4
   _A___B___C___D___E___F___G___H_
  |   |   |   |   |   |   |   |   |
0 |   | R |   |   |   |   |   |   |
1 |   |   | b |   |   |   |   |   |
2 |   |   |   | R |   |   |   | k |
3 |   |   |   |   |   |   |   |   |
4 |   |   |   | R |   | R |   | R |
5 |   |   |   |   |   |   | b |   |
6 |   | b |   | b |   | b |   |   |
7 | b |   |   |   |   |   | b |   |
  |___|___|___|___|___|___|___|___|
Computer's move: 6, 5 to 4, 3
   _A___B___C___D___E___F___G___H_
  |   |   |   |   |   |   |   |   |
0 |   | R |   |   |   |   |   |   |
1 |   |   | b |   |   |   |   |   |
2 |   |   |   | R |   |   |   | k |
3 |   |   |   |   | b |   |   |   |
4 |   |   |   | R |   |   |   | R |
5 |   |   |   |   |   |   |   |   |
6 |   | b |   | b |   | b |   |   |
7 | b |   |   |   |   |   | b |   |
  |___|___|___|___|___|___|___|___|
Computer's move: 3, 2 to 5, 4
   _A___B___C___D___E___F___G___H_
  |   |   |   |   |   |   |   |   |
0 |   | R |   |   |   |   |   |   |
1 |   |   | b |   |   |   |   |   |
2 |   |   |   |   |   |   |   | k |
3 |   |   |   |   |   |   |   |   |
4 |   |   |   | R |   | R |   | R |
5 |   |   |   |   |   |   |   |   |
6 |   | b |   | b |   | b |   |   |
7 | b |   |   |   |   |   | b |   |
  |___|___|___|___|___|___|___|___|
Computer's move: 1, 6 to 2, 5
   _A___B___C___D___E___F___G___H_
  |   |   |   |   |   |   |   |   |
0 |   | R |   |   |   |   |   |   |
1 |   |   | b |   |   |   |   |   |
2 |   |   |   |   |   |   |   | k |
3 |   |   |   |   |   |   |   |   |
4 |   |   |   | R |   | R |   | R |
5 |   |   | b |   |   |   |   |   |
6 |   |   |   | b |   | b |   |   |
7 | b |   |   |   |   |   | b |   |
  |___|___|___|___|___|___|___|___|
Computer's move: 1, 0 to 3, 2
   _A___B___C___D___E___F___G___H_
  |   |   |   |   |   |   |   |   |
0 |   |   |   |   |   |   |   |   |
1 |   |   |   |   |   |   |   |   |
2 |   |   |   | R |   |   |   | k |
3 |   |   |   |   |   |   |   |   |
4 |   |   |   | R |   | R |   | R |
5 |   |   | b |   |   |   |   |   |
6 |   |   |   | b |   | b |   |   |
7 | b |   |   |   |   |   | b |   |
  |___|___|___|___|___|___|___|___|
Computer's move: 2, 5 to 4, 3
   _A___B___C___D___E___F___G___H_
  |   |   |   |   |   |   |   |   |
0 |   |   |   |   |   |   |   |   |
1 |   |   |   |   |   |   |   |   |
2 |   |   |   | R |   |   |   | k |
3 |   |   |   |   | b |   |   |   |
4 |   |   |   |   |   | R |   | R |
5 |   |   |   |   |   |   |   |   |
6 |   |   |   | b |   | b |   |   |
7 | b |   |   |   |   |   | b |   |
  |___|___|___|___|___|___|___|___|
Computer's move: 7, 4 to 6, 5
   _A___B___C___D___E___F___G___H_
  |   |   |   |   |   |   |   |   |
0 |   |   |   |   |   |   |   |   |
1 |   |   |   |   |   |   |   |   |
2 |   |   |   | R |   |   |   | k |
3 |   |   |   |   | b |   |   |   |
4 |   |   |   |   |   | R |   |   |
5 |   |   |   |   |   |   | R |   |
6 |   |   |   | b |   | b |   |   |
7 | b |   |   |   |   |   | b |   |
  |___|___|___|___|___|___|___|___|
Computer's move: 5, 6 to 7, 4
   _A___B___C___D___E___F___G___H_
  |   |   |   |   |   |   |   |   |
0 |   |   |   |   |   |   |   |   |
1 |   |   |   |   |   |   |   |   |
2 |   |   |   | R |   |   |   | k |
3 |   |   |   |   | b |   |   |   |
4 |   |   |   |   |   | R |   | b |
5 |   |   |   |   |   |   |   |   |
6 |   |   |   | b |   |   |   |   |
7 | b |   |   |   |   |   | b |   |
  |___|___|___|___|___|___|___|___|
Computer's move: 3, 2 to 2, 3
   _A___B___C___D___E___F___G___H_
  |   |   |   |   |   |   |   |   |
0 |   |   |   |   |   |   |   |   |
1 |   |   |   |   |   |   |   |   |
2 |   |   |   |   |   |   |   | k |
3 |   |   | R |   | b |   |   |   |
4 |   |   |   |   |   | R |   | b |
5 |   |   |   |   |   |   |   |   |
6 |   |   |   | b |   |   |   |   |
7 | b |   |   |   |   |   | b |   |
  |___|___|___|___|___|___|___|___|
Computer's move: 7, 4 to 6, 3
   _A___B___C___D___E___F___G___H_
  |   |   |   |   |   |   |   |   |
0 |   |   |   |   |   |   |   |   |
1 |   |   |   |   |   |   |   |   |
2 |   |   |   |   |   |   |   | k |
3 |   |   | R |   | b |   | b |   |
4 |   |   |   |   |   | R |   |   |
5 |   |   |   |   |   |   |   |   |
6 |   |   |   | b |   |   |   |   |
7 | b |   |   |   |   |   | b |   |
  |___|___|___|___|___|___|___|___|
Computer's move: 2, 3 to 3, 4
   _A___B___C___D___E___F___G___H_
  |   |   |   |   |   |   |   |   |
0 |   |   |   |   |   |   |   |   |
1 |   |   |   |   |   |   |   |   |
2 |   |   |   |   |   |   |   | k |
3 |   |   |   |   | b |   | b |   |
4 |   |   |   | R |   | R |   |   |
5 |   |   |   |   |   |   |   |   |
6 |   |   |   | b |   |   |   |   |
7 | b |   |   |   |   |   | b |   |
  |___|___|___|___|___|___|___|___|
Computer's move: 6, 3 to 5, 2
   _A___B___C___D___E___F___G___H_
  |   |   |   |   |   |   |   |   |
0 |   |   |   |   |   |   |   |   |
1 |   |   |   |   |   |   |   |   |
2 |   |   |   |   |   | b |   | k |
3 |   |   |   |   | b |   |   |   |
4 |   |   |   | R |   | R |   |   |
5 |   |   |   |   |   |   |   |   |
6 |   |   |   | b |   |   |   |   |
7 | b |   |   |   |   |   | b |   |
  |___|___|___|___|___|___|___|___|
Computer's move: 3, 4 to 4, 5
   _A___B___C___D___E___F___G___H_
  |   |   |   |   |   |   |   |   |
0 |   |   |   |   |   |   |   |   |
1 |   |   |   |   |   |   |   |   |
2 |   |   |   |   |   | b |   | k |
3 |   |   |   |   | b |   |   |   |
4 |   |   |   |   |   | R |   |   |
5 |   |   |   |   | R |   |   |   |
6 |   |   |   | b |   |   |   |   |
7 | b |   |   |   |   |   | b |   |
  |___|___|___|___|___|___|___|___|
Computer's move: 4, 3 to 3, 2
   _A___B___C___D___E___F___G___H_
  |   |   |   |   |   |   |   |   |
0 |   |   |   |   |   |   |   |   |
1 |   |   |   |   |   |   |   |   |
2 |   |   |   | b |   | b |   | k |
3 |   |   |   |   |   |   |   |   |
4 |   |   |   |   |   | R |   |   |
5 |   |   |   |   | R |   |   |   |
6 |   |   |   | b |   |   |   |   |
7 | b |   |   |   |   |   | b |   |
  |___|___|___|___|___|___|___|___|
Computer's move: 5, 4 to 6, 5
   _A___B___C___D___E___F___G___H_
  |   |   |   |   |   |   |   |   |
0 |   |   |   |   |   |   |   |   |
1 |   |   |   |   |   |   |   |   |
2 |   |   |   | b |   | b |   | k |
3 |   |   |   |   |   |   |   |   |
4 |   |   |   |   |   |   |   |   |
5 |   |   |   |   | R |   | R |   |
6 |   |   |   | b |   |   |   |   |
7 | b |   |   |   |   |   | b |   |
  |___|___|___|___|___|___|___|___|
Computer's move: 3, 6 to 5, 4
   _A___B___C___D___E___F___G___H_
  |   |   |   |   |   |   |   |   |
0 |   |   |   |   |   |   |   |   |
1 |   |   |   |   |   |   |   |   |
2 |   |   |   | b |   | b |   | k |
3 |   |   |   |   |   |   |   |   |
4 |   |   |   |   |   | b |   |   |
5 |   |   |   |   |   |   | R |   |
6 |   |   |   |   |   |   |   |   |
7 | b |   |   |   |   |   | b |   |
  |___|___|___|___|___|___|___|___|
Computer's move: 6, 5 to 7, 6
   _A___B___C___D___E___F___G___H_
  |   |   |   |   |   |   |   |   |
0 |   |   |   |   |   |   |   |   |
1 |   |   |   |   |   |   |   |   |
2 |   |   |   | b |   | b |   | k |
3 |   |   |   |   |   |   |   |   |
4 |   |   |   |   |   | b |   |   |
5 |   |   |   |   |   |   |   |   |
6 |   |   |   |   |   |   |   | R |
7 | b |   |   |   |   |   | b |   |
  |___|___|___|___|___|___|___|___|
GAME OVER
   _A___B___C___D___E___F___G___H_
  |   |   |   |   |   |   |   |   |
0 |   |   |   |   |   |   |   |   |
1 |   |   |   |   |   |   |   |   |
2 |   |   |   | b |   | b |   | k |
3 |   |   |   |   |   |   |   |   |
4 |   |   |   |   |   | b |   |   |
5 |   |   |   |   |   |   |   |   |
6 |   |   |   |   |   |   |   | R |
7 | b |   |   |   |   |   | b |   |
  |___|___|___|___|___|___|___|___|
